MPASM  5.35beta                          MAIN.ASM   4-14-2019  23:33:39         PAGE  1


LOC  OBJECT CODE     LINE SOURCE TEXT
  VALUE

                      00001     title       "LCD"
                      00002     list        p=16f84A
                      00003     radix       hex
                      00004     include "p16f84a.inc"
                      00001         LIST
                      00002 ; P16F84A.INC  Standard Header File, Version 2.00    Microchip Technology, Inc.
                      00134         LIST
                      00005 
  0000000C            00006 COUNT1  EQU     d'12'
  0000000D            00007 COUNT2  EQU     d'13'
  0000000E            00008 COUNT3  EQU     d'14'
  0000000F            00009 COUNT4  EQU     d'15'
  00000010            00010 COUNT5  EQU     d'16'
  00000011            00011 COUNT6  EQU     d'17'
                      00012 
  00000012            00013 CURSOR_POS  EQU d'18' ; Register stores detail about the cursor's current position. Bits[3:0] specify co
                            lumn number, where as bit 4 specifies the row.
                      00014                       ; Since there are 16 columns and 2 rows, such an encoding is guaranteed to span al
                            l cells on the LCD.
  00000013            00015 CHAR_CODE   EQU d'19'
                      00016 
  00000014            00017 FLAG_REG    EQU d'20' ; Register containing some flags to be used within the program. Structure: [-,-,-,
                            -,-,-,-,Main Menu Flag]
                      00018    
  00000004            00019 LEFT_BTN    EQU d'4'
  00000005            00020 RIGHT_BTN   EQU d'5'
  00000006            00021 UP_DOWN_BTN EQU d'6'
  00000007            00022 CONFIRM_BTN EQU d'7'
                      00023  
  00000041            00024 LTR_A   EQU b'01000001'
  00000042            00025 LTR_B   EQU b'01000010' 
  00000043            00026 LTR_C   EQU b'01000011' 
  00000044            00027 LTR_D   EQU b'01000100'
  00000045            00028 LTR_E   EQU b'01000101'
  00000046            00029 LTR_F   EQU b'01000110'
  00000047            00030 LTR_G   EQU b'01000111' 
  00000048            00031 LTR_H   EQU b'01001000'
  00000049            00032 LTR_I   EQU b'01001001' 
  0000004A            00033 LTR_J   EQU b'01001010' 
  0000004B            00034 LTR_K   EQU b'01001011'
  0000004C            00035 LTR_L   EQU b'01001100'
  0000004D            00036 LTR_M   EQU b'01001101' 
  0000004E            00037 LTR_N   EQU b'01001110'
  0000004F            00038 LTR_O   EQU b'01001111' 
  00000050            00039 LTR_P   EQU b'01010000' 
  00000051            00040 LTR_Q   EQU b'01010001' 
  00000052            00041 LTR_R   EQU b'01010010'
  00000053            00042 LTR_S   EQU b'01010011'         
  00000054            00043 LTR_T   EQU b'01010100'         
  00000055            00044 LTR_U   EQU b'01010101'         
  00000056            00045 LTR_V   EQU b'01010110'         
  00000057            00046 LTR_W   EQU b'01010111' 
  00000058            00047 LTR_X   EQU b'01011000'         
MPASM  5.35beta                          MAIN.ASM   4-14-2019  23:33:39         PAGE  2
LCD

LOC  OBJECT CODE     LINE SOURCE TEXT
  VALUE

  00000059            00048 LTR_Y   EQU b'01011001'
  0000005A            00049 LTR_Z   EQU b'01011010'
  00000030            00050 LTR_0   EQU b'00110000'
  00000030            00051 LTR_1   EQU b'00110000'
  00000030            00052 LTR_2   EQU b'00110000'
  00000030            00053 LTR_3   EQU b'00110000'
  00000030            00054 LTR_4   EQU b'00110000'
  00000030            00055 LTR_5   EQU b'00110000'
  00000030            00056 LTR_6   EQU b'00110000'
  00000030            00057 LTR_7   EQU b'00110000'
  00000030            00058 LTR_8   EQU b'00110000'
  00000030            00059 LTR_9   EQU b'00110000'
  0000002A            00060 LTR_ASTERISK    EQU b'00101010'
  000000A0            00061 LTR_SPACE   EQU b'10100000'
                      00062         
0000                  00063         ORG     0x0
0000   2806           00064         GOTO    MAIN
0004                  00065         ORG     0x04
0004   180B           00066         BTFSC   INTCON, d'0'
0005   289E           00067         GOTO RB4_INT
                      00068 
                      00069         
                      00070 ; Register Configurations
0006   0185           00071 MAIN    CLRF    PORTA
0007   1683           00072         BSF     STATUS,RP0
0008   30F0           00073         MOVLW   b'11110000' ; Set   RB[7:4] as inputs, the rest are outputs
Message[302]: Register in operand not in bank 0.  Ensure that bank bits are correct.
0009   0086           00074         MOVWF   TRISB
                      00075         
Message[302]: Register in operand not in bank 0.  Ensure that bank bits are correct.
000A   0185           00076         CLRF    TRISA       ; Set all pins of PORTA as outputs
000B   1283           00077         BCF     STATUS,RP0
                      00078         
000C   3088           00079         MOVLW   b'10001000' ; Properly setup the interrupts. Only GIE and RBIE should be set.
000D   008B           00080         MOVWF   INTCON
                      00081         
                      00082 
000E   300B           00083 INDIRECT        MOVLW   d'11'
000F   008D           00084         MOVWF   COUNT2
0010   3020           00085         MOVLW   H'20'
0011   0084           00086         MOVWF   FSR
0012   0B8D           00087 LOOPX   DECFSZ  COUNT2,F
0013   2815           00088         GOTO LOOPY
0014   2819           00089         GOTO FINISH
0015   080D           00090 LOOPY   MOVF    COUNT2,W
0016   0080           00091         MOVWF   INDF
Message[305]: Using default destination of 1 (file).
0017   0A84           00092         INCF    FSR
0018   2812           00093         GOTO    LOOPX
0019                  00094 FINISH
                      00095 
                      00096 
                      00097 ; Initialize the LCD
MPASM  5.35beta                          MAIN.ASM   4-14-2019  23:33:39         PAGE  3
LCD

LOC  OBJECT CODE     LINE SOURCE TEXT
  VALUE

0019   20BA           00098 INIT    CALL    DELAYFMS
001A   3002           00099         MOVLW   b'00010'
001B   0085           00100         MOVWF   PORTA
001C   205B           00101         CALL    ET
001D   3002           00102         MOVLW   b'00010'
001E   0085           00103         MOVWF   PORTA
001F   205B           00104         CALL    ET
0020   300A           00105         MOVLW   b'01010'
0021   0085           00106         MOVWF   PORTA
0022   205B           00107         CALL    ET
                      00108         
0023   3000           00109         MOVLW   b'00000'
0024   0085           00110         MOVWF   PORTA
0025   205B           00111         CALL    ET
0026   300C           00112         MOVLW   b'01100'
0027   0085           00113         MOVWF   PORTA
0028   205B           00114         CALL    ET
                      00115         
0029   3000           00116         MOVLW   b'00000'
002A   0085           00117         MOVWF   PORTA
002B   205B           00118         CALL    ET
002C   3001           00119         MOVLW   b'00001'
002D   0085           00120         MOVWF   PORTA
002E   205B           00121         CALL    ET
                      00122 
002F   3000           00123         MOVLW   b'00000'
0030   0085           00124         MOVWF   PORTA
0031   205B           00125         CALL    ET
0032   3006           00126         MOVLW   b'00110'
0033   0085           00127         MOVWF   PORTA
0034   205B           00128         CALL    ET
                      00129 
                      00130                         
0035   3004           00131 WELCOME_SCREEN  MOVLW   b'00000100' ; Move the cursor to 0x04
0036   0092           00132         MOVWF   CURSOR_POS
                      00133 
0037   2083           00134         CALL    PRINT_M
0038   207D           00135         CALL    PRINT_E
0039   2083           00136         CALL    PRINT_M
003A   2086           00137         CALL    PRINT_O
003B   2089           00138         CALL    PRINT_R
003C   208C           00139         CALL    PRINT_Y
                      00140         
003D   300A           00141         MOVLW   b'00001010' ; Move the cursor to 0x0A (Column 10)
003E   0092           00142         MOVWF   CURSOR_POS
                      00143         
003F   2080           00144         CALL    PRINT_G
0040   2077           00145         CALL    PRINT_A
0041   2083           00146         CALL    PRINT_M
0042   207D           00147         CALL    PRINT_E
                      00148         
0043   20AE           00149         CALL    DELAYS  ; TODO: Implement some longer delay (4/5 seconds maybe?)
                      00150 
MPASM  5.35beta                          MAIN.ASM   4-14-2019  23:33:39         PAGE  4
LCD

LOC  OBJECT CODE     LINE SOURCE TEXT
  VALUE

0044   2054           00151 MAIN_MENU   CALL    CLEAR_SCREEN
0045   2083           00152         CALL    PRINT_M
0046   2086           00153         CALL    PRINT_O
0047   207A           00154         CALL    PRINT_D
0048   207D           00155         CALL    PRINT_E
                      00156         
0049   3002           00157         MOVLW   d'2'   ; Move the cursor two units to the right
004A   0792           00158         ADDWF   CURSOR_POS, 1
                      00159         
004B   208F           00160         CALL    PRINT_ASTERISK
004C   2095           00161         CALL    PRINT_1
                      00162         
004D   3002           00163         MOVLW   d'2'   ; Move the cursor two units to the right
004E   0792           00164         ADDWF   CURSOR_POS, 1
                      00165         
004F   2098           00166         CALL    PRINT_2
                      00167         
0050   3002           00168         MOVLW   d'2'   ; Move the cursor two units to the right
0051   0792           00169         ADDWF   CURSOR_POS, 1
                      00170         
0052   209B           00171         CALL    PRINT_3
                      00172         
                      00173 
0053   2853           00174 INF     GOTO    INF
                      00175         
                      00176         
                      00177 ; ****************************************************************          LCD INTERFACING         ****
                            *******************************************************************
                      00178 
                      00179 ; CLEAR_SCREEN: Erases all characters on the screen and sets the cursor back to row 0, col 0
0054   3000           00180 CLEAR_SCREEN    MOVLW   b'00000'    ; Send to the LCD "00 0000 0001", which is the instruction to clear 
                            the display.
0055   0085           00181         MOVWF   PORTA
0056   205B           00182         CALL ET
                      00183         
0057   3001           00184         MOVLW   b'00001'
0058   0085           00185         MOVWF   PORTA
0059   205B           00186         CALL ET
                      00187         
005A   0008           00188         RETURN
                      00189         
                      00190 ; ET: Writes data to LCD.
005B   1486           00191 ET      BSF     PORTB,1
005C   0000           00192         NOP
005D   1086           00193         BCF     PORTB,1
005E   20BA           00194         CALL DELAYFMS
005F   0008           00195         RETURN 
                      00196 
                      00197         
                      00198 ;   WRITE_CHAR: Automatically writes a character at address specified in CURSOR_POS and increments CURSO
                            R_POS in anticipation of the next character
                      00199         
0060   0093           00200 WRITE_CHAR      MOVWF   CHAR_CODE   ; In order to save lines, the W register is initially assumed to con
MPASM  5.35beta                          MAIN.ASM   4-14-2019  23:33:39         PAGE  5
LCD

LOC  OBJECT CODE     LINE SOURCE TEXT
  VALUE

                            tain the character code. Load it into CHAR_CODE register.
0061   1A12           00201         BTFSC   CURSOR_POS,4    ; If line (encoded as bit 4) is not 0, i.e. line is 1 then specify the f
                            irst bit in the address as a 4.
0062   300C           00202         MOVLW   b'01100'
0063   1E12           00203         BTFSS   CURSOR_POS,4            ; If line (encoded as bit 4) is not 1, i.e. line is 0 then speci
                            fy the first bit in the address as a 0.
0064   3008           00204         MOVLW   b'01000'
0065   0085           00205         MOVWF   PORTA
0066   205B           00206         CALL ET
                      00207         
0067   0812           00208         MOVF    CURSOR_POS,0
0068   390F           00209         ANDLW   h'0f'       ; Mask the first 4 bits (which correspond to the column number)
0069   0085           00210         MOVWF   PORTA
006A   205B           00211         CALL ET
                      00212         
                      00213         ;   Handling character code: A character code is an 8-bit number representing a printable charac
                            ter. To print it to the screen, we should mask the upper four
                      00214         ;   bits, shift left 4 times, set the first bit to 1 and write to the LCD. Then, mask the lower 
                            four bits, set the first bit to 1 and write to the LCD.
                      00215         
006B   0E13           00216         SWAPF   CHAR_CODE, 0 ; Move contents of CHAR_CODE to W, swapping the nibbles.
006C   390F           00217         ANDLW   h'0f'        ; Mask the first 4 bits (which are now in the lower bits after swapping)
006D   3E10           00218         ADDLW   h'10'        ; Set the first bit of the W reg (adding 16)
                      00219         
006E   0085           00220         MOVWF   PORTA
006F   205B           00221         CALL ET
                      00222         
0070   0813           00223         MOVF    CHAR_CODE, 0 ; Move contents of CHAR_CODE register to W register
0071   390F           00224         ANDLW   h'0f'        ; Mask the last 4 bits
0072   3E10           00225         ADDLW   h'10'        ; Set the first bit of the W reg (adding 16)
                      00226         
0073   0085           00227         MOVWF   PORTA
0074   205B           00228         CALL ET
0075   0A92           00229         INCF    CURSOR_POS,1    ; Increment the column number, equivalent to moving the cursor to await 
                            the next character.
0076   0008           00230         RETURN
                      00231         
                      00232         
                      00233 ; One-liners to print specific characters (feel free to abuse)
                      00234         
0077   3041           00235 PRINT_A MOVLW   LTR_A
0078   2060           00236         CALL WRITE_CHAR
0079   0008           00237         RETURN
                      00238         
007A   3044           00239 PRINT_D MOVLW   LTR_D
007B   2060           00240         CALL WRITE_CHAR
007C   0008           00241         RETURN
                      00242         
007D   3045           00243 PRINT_E MOVLW   LTR_E
007E   2060           00244         CALL WRITE_CHAR
007F   0008           00245         RETURN
                      00246 
0080   3047           00247 PRINT_G MOVLW   LTR_G
MPASM  5.35beta                          MAIN.ASM   4-14-2019  23:33:39         PAGE  6
LCD

LOC  OBJECT CODE     LINE SOURCE TEXT
  VALUE

0081   2060           00248         CALL WRITE_CHAR
0082   0008           00249         RETURN
                      00250         
0083   304D           00251 PRINT_M MOVLW   LTR_M
0084   2060           00252         CALL WRITE_CHAR
0085   0008           00253         RETURN
                      00254 
0086   304F           00255 PRINT_O MOVLW   LTR_O
0087   2060           00256         CALL WRITE_CHAR
0088   0008           00257         RETURN
                      00258 
0089   3052           00259 PRINT_R MOVLW   LTR_R
008A   2060           00260         CALL WRITE_CHAR
008B   0008           00261         RETURN
                      00262         
008C   304D           00263 PRINT_Y MOVLW   LTR_M
008D   2060           00264         CALL WRITE_CHAR
008E   0008           00265         RETURN
                      00266         
008F   302A           00267 PRINT_ASTERISK  MOVLW   LTR_ASTERISK
0090   2060           00268         CALL WRITE_CHAR
0091   0008           00269         RETURN
                      00270                                          
0092   30A0           00271 PRINT_SPACE     MOVLW   LTR_SPACE        ; "print space in order to erase the char"
0093   2060           00272         CALL WRITE_CHAR
0094   0008           00273         RETURN
                      00274         
0095   3030           00275 PRINT_1 MOVLW   LTR_1
0096   2060           00276         CALL WRITE_CHAR
0097   0008           00277         RETURN
                      00278 
0098   3030           00279 PRINT_2 MOVLW   LTR_2
0099   2060           00280         CALL WRITE_CHAR
009A   0008           00281         RETURN
                      00282         
009B   3030           00283 PRINT_3 MOVLW   LTR_3
009C   2060           00284         CALL WRITE_CHAR
009D   0008           00285         RETURN
                      00286         
                      00287 ; ***********************************************************************   INTERRUPTS      ************
                            **********************************************************
                      00288         
                      00289 ; NOTE: Should all of these be BTFSS?
                      00290         
009E   20BA           00291 RB4_INT CALL    DELAYFMS ;  Debounce
009F   1A06           00292         BTFSC   PORTB,LEFT_BTN
00A0   0000           00293         NOP ; TODO: Implement functionality
00A1   1A86           00294         BTFSC   PORTB,RIGHT_BTN
00A2   0000           00295         NOP ; TODO: Implement functionality
00A3   1B06           00296         BTFSC   PORTB,UP_DOWN_BTN
00A4   20A9           00297         CALL    HANDLE_UP_DOWN
00A5   1B86           00298         BTFSC   PORTB,CONFIRM_BTN
00A6   0000           00299         NOP ; TODO: Implement functionality
MPASM  5.35beta                          MAIN.ASM   4-14-2019  23:33:39         PAGE  7
LCD

LOC  OBJECT CODE     LINE SOURCE TEXT
  VALUE

00A7   100B           00300         BCF INTCON, 0
00A8   0009           00301         RETFIE
                      00302         
00A9                  00303 HANDLE_UP_DOWN  ; Unless you're in the Main Menu, toggle the row that the cursor is at
00A9   1814           00304         BTFSC   FLAG_REG, 0 ; Check if the Main Menu flag is set, skip accordingly
00AA   28AD           00305         GOTO    SKIP_HANDLE_UP_DOWN
00AB   3010           00306         MOVLW   b'00010000'
00AC   0692           00307         XORWF   CURSOR_POS, 1
00AD   0008           00308 SKIP_HANDLE_UP_DOWN  RETURN     
                      00309         
                      00310         
                      00311 ; ***********************************************************************       DELAYS      ************
                            **********************************************************
                      00312         
                      00313 ; DELAYS: Causes a 1s delay, uses registers COUNT4, COUNT5 & COUNT6.
                      00314         
00AE   3000           00315 DELAYS  MOVLW   H'00'
00AF   0091           00316         MOVWF   COUNT6
00B0   0090           00317         MOVWF   COUNT5
00B1   3005           00318         MOVLW   0x5
00B2   008F           00319         MOVWF   COUNT4
                      00320         
00B3   0F91           00321 LOOP    INCFSZ  COUNT6,F
00B4   28B3           00322         GOTO    LOOP
00B5   0F90           00323         INCFSZ  COUNT5,F
00B6   28B3           00324         GOTO    LOOP
00B7   0B8F           00325         DECFSZ  COUNT4,F
00B8   28B3           00326         GOTO    LOOP
00B9   0008           00327         RETURN
                      00328         
                      00329 ; DELAYFMS: Causes a 40 ms delay, uses register COUNT1.
                      00330         
00BA   3025           00331 DELAYFMS        MOVLW   d'37'
00BB   008C           00332         MOVWF   COUNT1
00BC   20C0           00333 LOOP3   CALL    DELAYMS
00BD   0B8C           00334         DECFSZ  COUNT1,F
00BE   28BC           00335         GOTO    LOOP3
00BF   0008           00336         RETURN
                      00337 
                      00338 ; DELAYMS: Causes a 1 ms delay, uses registers COUNT2 & COUNT 3.
                      00339         
00C0   3000           00340 DELAYMS MOVLW d'0'          
00C1   008D           00341         MOVWF   COUNT2
00C2   304C           00342         MOVLW   d'76'
00C3   008E           00343         MOVWF   COUNT3
00C4   0F8D           00344 LOOP1   INCFSZ  COUNT2,F
00C5   28C4           00345         GOTO    LOOP1
00C6   0000           00346 LOOP2   NOP     
00C7   0B8E           00347         DECFSZ  COUNT3,F
00C8   28C6           00348         GOTO LOOP2
00C9   0008           00349         RETURN
                      00350 
                      00351         END
MPASM  5.35beta                          MAIN.ASM   4-14-2019  23:33:39         PAGE  8
LCD

SYMBOL TABLE
  LABEL                             VALUE 

C                                 00000000
CHAR_CODE                         00000013
CLEAR_SCREEN                      00000054
CONFIRM_BTN                       00000007
COUNT1                            0000000C
COUNT2                            0000000D
COUNT3                            0000000E
COUNT4                            0000000F
COUNT5                            00000010
COUNT6                            00000011
CURSOR_POS                        00000012
DC                                00000001
DELAYFMS                          000000BA
DELAYMS                           000000C0
DELAYS                            000000AE
EEADR                             00000009
EECON1                            00000088
EECON2                            00000089
EEDATA                            00000008
EEIE                              00000006
EEIF                              00000004
ET                                0000005B
F                                 00000001
FINISH                            00000019
FLAG_REG                          00000014
FSR                               00000004
GIE                               00000007
HANDLE_UP_DOWN                    000000A9
INDF                              00000000
INDIRECT                          0000000E
INF                               00000053
INIT                              00000019
INTCON                            0000000B
INTE                              00000004
INTEDG                            00000006
INTF                              00000001
IRP                               00000007
LEFT_BTN                          00000004
LOOP                              000000B3
LOOP1                             000000C4
LOOP2                             000000C6
LOOP3                             000000BC
LOOPX                             00000012
LOOPY                             00000015
LTR_0                             00000030
LTR_1                             00000030
LTR_2                             00000030
LTR_3                             00000030
LTR_4                             00000030
LTR_5                             00000030
LTR_6                             00000030
LTR_7                             00000030
LTR_8                             00000030
MPASM  5.35beta                          MAIN.ASM   4-14-2019  23:33:39         PAGE  9
LCD

SYMBOL TABLE
  LABEL                             VALUE 

LTR_9                             00000030
LTR_A                             00000041
LTR_ASTERISK                      0000002A
LTR_B                             00000042
LTR_C                             00000043
LTR_D                             00000044
LTR_E                             00000045
LTR_F                             00000046
LTR_G                             00000047
LTR_H                             00000048
LTR_I                             00000049
LTR_J                             0000004A
LTR_K                             0000004B
LTR_L                             0000004C
LTR_M                             0000004D
LTR_N                             0000004E
LTR_O                             0000004F
LTR_P                             00000050
LTR_Q                             00000051
LTR_R                             00000052
LTR_S                             00000053
LTR_SPACE                         000000A0
LTR_T                             00000054
LTR_U                             00000055
LTR_V                             00000056
LTR_W                             00000057
LTR_X                             00000058
LTR_Y                             00000059
LTR_Z                             0000005A
MAIN                              00000006
MAIN_MENU                         00000044
NOT_PD                            00000003
NOT_RBPU                          00000007
NOT_TO                            00000004
OPTION_REG                        00000081
PCL                               00000002
PCLATH                            0000000A
PORTA                             00000005
PORTB                             00000006
PRINT_1                           00000095
PRINT_2                           00000098
PRINT_3                           0000009B
PRINT_A                           00000077
PRINT_ASTERISK                    0000008F
PRINT_D                           0000007A
PRINT_E                           0000007D
PRINT_G                           00000080
PRINT_M                           00000083
PRINT_O                           00000086
PRINT_R                           00000089
PRINT_SPACE                       00000092
PRINT_Y                           0000008C
PS0                               00000000
MPASM  5.35beta                          MAIN.ASM   4-14-2019  23:33:39         PAGE 10
LCD

SYMBOL TABLE
  LABEL                             VALUE 

PS1                               00000001
PS2                               00000002
PSA                               00000003
RB4_INT                           0000009E
RBIE                              00000003
RBIF                              00000000
RD                                00000000
RIGHT_BTN                         00000005
RP0                               00000005
RP1                               00000006
SKIP_HANDLE_UP_DOWN               000000AD
STATUS                            00000003
T0CS                              00000005
T0IE                              00000005
T0IF                              00000002
T0SE                              00000004
TMR0                              00000001
TRISA                             00000085
TRISB                             00000086
UP_DOWN_BTN                       00000006
W                                 00000000
WELCOME_SCREEN                    00000035
WR                                00000001
WREN                              00000002
WRERR                             00000003
WRITE_CHAR                        00000060
Z                                 00000002
_CP_OFF                           00003FFF
_CP_ON                            0000000F
_HS_OSC                           00003FFE
_LP_OSC                           00003FFC
_PWRTE_OFF                        00003FFF
_PWRTE_ON                         00003FF7
_RC_OSC                           00003FFF
_WDT_OFF                          00003FFB
_WDT_ON                           00003FFF
_XT_OSC                           00003FFD
__16F84A                          00000001
__DEBUG                           1


MEMORY USAGE MAP ('X' = Used,  '-' = Unused)

0000 : X---XXXXXXXXXXXX XXXXXXXXXXXXXXXX XXXXXXXXXXXXXXXX XXXXXXXXXXXXXXXX
0040 : XXXXXXXXXXXXXXXX XXXXXXXXXXXXXXXX XXXXXXXXXXXXXXXX XXXXXXXXXXXXXXXX
0080 : XXXXXXXXXXXXXXXX XXXXXXXXXXXXXXXX XXXXXXXXXXXXXXXX XXXXXXXXXXXXXXXX
MPASM  5.35beta                          MAIN.ASM   4-14-2019  23:33:39         PAGE 11
LCD

MEMORY USAGE MAP ('X' = Used,  '-' = Unused)


00C0 : XXXXXXXXXX------ ---------------- ---------------- ----------------

All other memory blocks unused.

Program Memory Words Used:   199
Program Memory Words Free:   825


Errors   :     0
Warnings :     0 reported,     0 suppressed
Messages :     3 reported,     0 suppressed

